[29Oct2024 19:29:12.682] [main/INFO] [cpw.mods.modlauncher.Launcher/MODLAUNCHER]: ModLauncher running: args [--launchTarget, forge_userdev_client, --version, MOD_DEV, --assetIndex, 18, --assetsDir, C:\Users\user\.gradle\caches\forge_gradle\assets, --gameDir, .]
[29Oct2024 19:29:12.687] [main/INFO] [cpw.mods.modlauncher.Launcher/MODLAUNCHER]: JVM identified as Eclipse Adoptium OpenJDK 64-Bit Server VM 21.0.5+11-LTS
[29Oct2024 19:29:12.689] [main/INFO] [cpw.mods.modlauncher.Launcher/MODLAUNCHER]: ModLauncher 10.2.2 starting: java version 21.0.5 by Eclipse Adoptium; OS Windows 10 arch amd64 version 10.0
[29Oct2024 19:29:12.874] [main/INFO] [net.minecraftforge.fml.loading.ImmediateWindowHandler/]: Loading ImmediateWindowProvider fmlearlywindow
[29Oct2024 19:29:13.059] [main/INFO] [EARLYDISPLAY/]: Trying GL version 4.6
[29Oct2024 19:29:13.429] [main/INFO] [EARLYDISPLAY/]: Requested GL version 4.6 got version 4.6
[29Oct2024 19:29:13.857] [main/INFO] [mixin/]: SpongePowered MIXIN Subsystem Version=0.8.7 Source=jar:file:///C:/Users/user/.gradle/caches/modules-2/files-2.1/org.spongepowered/mixin/0.8.7/8ab114ac385e6dbdad5efafe28aba4df8120915f/mixin-0.8.7.jar!/ Service=ModLauncher Env=CLIENT
[29Oct2024 19:29:13.962] [EarlyDisplay/INFO] [EARLYDISPLAY/]: GL info: Intel(R) UHD Graphics 620 GL version 4.6.0 - Build 31.0.101.2111, Intel
[29Oct2024 19:29:15.342] [main/INFO] [net.minecraftforge.fml.loading.moddiscovery.JarInJarDependencyLocator/]: No dependencies to load found. Skipping!
[29Oct2024 19:29:16.363] [main/INFO] [cpw.mods.modlauncher.LaunchServiceHandler/MODLAUNCHER]: Launching target 'forge_userdev_client' with arguments [--version, MOD_DEV, --gameDir, ., --assetsDir, C:\Users\user\.gradle\caches\forge_gradle\assets, --assetIndex, 18]
[29Oct2024 19:29:18.559] [main/WARN] [oshi.util.FileUtil/]: Configuration conflict: there is more than one oshi.properties file on the classpath: [jar:file:///C:/Users/user/.gradle/caches/modules-2/files-2.1/com.github.oshi/oshi-core/6.4.10/b1d8ab82d11d92fd639b56d639f8f46f739dd5fa/oshi-core-6.4.10.jar!/oshi.properties, jar:file:/C:/Users/user/.gradle/caches/modules-2/files-2.1/com.github.oshi/oshi-core/6.4.10/b1d8ab82d11d92fd639b56d639f8f46f739dd5fa/oshi-core-6.4.10.jar!/oshi.properties, jar:file:///C:/Users/user/.gradle/caches/modules-2/files-2.1/com.github.oshi/oshi-core/6.4.10/b1d8ab82d11d92fd639b56d639f8f46f739dd5fa/oshi-core-6.4.10.jar!/oshi.properties, jar:file:/C:/Users/user/.gradle/caches/modules-2/files-2.1/com.github.oshi/oshi-core/6.4.10/b1d8ab82d11d92fd639b56d639f8f46f739dd5fa/oshi-core-6.4.10.jar!/oshi.properties]
[29Oct2024 19:29:19.098] [main/WARN] [oshi.util.FileUtil/]: Configuration conflict: there is more than one oshi.architecture.properties file on the classpath: [jar:file:///C:/Users/user/.gradle/caches/modules-2/files-2.1/com.github.oshi/oshi-core/6.4.10/b1d8ab82d11d92fd639b56d639f8f46f739dd5fa/oshi-core-6.4.10.jar!/oshi.architecture.properties, jar:file:/C:/Users/user/.gradle/caches/modules-2/files-2.1/com.github.oshi/oshi-core/6.4.10/b1d8ab82d11d92fd639b56d639f8f46f739dd5fa/oshi-core-6.4.10.jar!/oshi.architecture.properties, jar:file:///C:/Users/user/.gradle/caches/modules-2/files-2.1/com.github.oshi/oshi-core/6.4.10/b1d8ab82d11d92fd639b56d639f8f46f739dd5fa/oshi-core-6.4.10.jar!/oshi.architecture.properties, jar:file:/C:/Users/user/.gradle/caches/modules-2/files-2.1/com.github.oshi/oshi-core/6.4.10/b1d8ab82d11d92fd639b56d639f8f46f739dd5fa/oshi-core-6.4.10.jar!/oshi.architecture.properties]
[29Oct2024 19:29:19.145] [Datafixer Bootstrap/INFO] [com.mojang.datafixers.DataFixerBuilder/]: 237 Datafixer optimizations took 625 milliseconds
[29Oct2024 19:29:21.832] [main/WARN] [oshi.util.FileUtil/]: Configuration conflict: there is more than one oshi.architecture.properties file on the classpath: [jar:file:///C:/Users/user/.gradle/caches/modules-2/files-2.1/com.github.oshi/oshi-core/6.4.10/b1d8ab82d11d92fd639b56d639f8f46f739dd5fa/oshi-core-6.4.10.jar!/oshi.architecture.properties, jar:file:/C:/Users/user/.gradle/caches/modules-2/files-2.1/com.github.oshi/oshi-core/6.4.10/b1d8ab82d11d92fd639b56d639f8f46f739dd5fa/oshi-core-6.4.10.jar!/oshi.architecture.properties, jar:file:///C:/Users/user/.gradle/caches/modules-2/files-2.1/com.github.oshi/oshi-core/6.4.10/b1d8ab82d11d92fd639b56d639f8f46f739dd5fa/oshi-core-6.4.10.jar!/oshi.architecture.properties, jar:file:/C:/Users/user/.gradle/caches/modules-2/files-2.1/com.github.oshi/oshi-core/6.4.10/b1d8ab82d11d92fd639b56d639f8f46f739dd5fa/oshi-core-6.4.10.jar!/oshi.architecture.properties]
[29Oct2024 19:29:22.085] [main/WARN] [net.minecraft.SystemReport/]: Failed to get system info for GL Caps
java.lang.IllegalStateException: Rendersystem called from wrong thread
	at TRANSFORMER/minecraft@1.21.3/com.mojang.blaze3d.systems.RenderSystem.constructThreadException(RenderSystem.java:123) ~[forge-1.21.3-53.0.7_mapped_parchment_1.20.6-2024.06.16-1.21.jar:?]
	at TRANSFORMER/minecraft@1.21.3/com.mojang.blaze3d.systems.RenderSystem.assertOnRenderThread(RenderSystem.java:118) ~[forge-1.21.3-53.0.7_mapped_parchment_1.20.6-2024.06.16-1.21.jar:?]
	at TRANSFORMER/minecraft@1.21.3/com.mojang.blaze3d.systems.RenderSystem.getCapsString(RenderSystem.java:458) ~[forge-1.21.3-53.0.7_mapped_parchment_1.20.6-2024.06.16-1.21.jar:?]
	at TRANSFORMER/minecraft@1.21.3/net.minecraft.SystemReport.setDetail(SystemReport.java:70) ~[forge-1.21.3-53.0.7_mapped_parchment_1.20.6-2024.06.16-1.21.jar:?]
	at TRANSFORMER/minecraft@1.21.3/net.minecraft.client.Minecraft.fillSystemReport(Minecraft.java:2367) ~[forge-1.21.3-53.0.7_mapped_parchment_1.20.6-2024.06.16-1.21.jar:?]
	at TRANSFORMER/minecraft@1.21.3/net.minecraft.client.Minecraft.fillReport(Minecraft.java:2340) ~[forge-1.21.3-53.0.7_mapped_parchment_1.20.6-2024.06.16-1.21.jar:?]
	at TRANSFORMER/minecraft@1.21.3/net.minecraft.client.main.Main.main(Main.java:197) ~[forge-1.21.3-53.0.7_mapped_parchment_1.20.6-2024.06.16-1.21.jar:?]
	at java.base/jdk.internal.reflect.DirectMethodHandleAccessor.invoke(DirectMethodHandleAccessor.java:103) ~[?:?]
	at java.base/java.lang.reflect.Method.invoke(Method.java:580) ~[?:?]
	at SECURE-BOOTSTRAP/net.minecraftforge.fmlloader@1.21.3-53.0.7/net.minecraftforge.fml.loading.targets.CommonLaunchHandler.runTarget(CommonLaunchHandler.java:85) ~[fmlloader-1.21.3-53.0.7.jar!/:?]
	at SECURE-BOOTSTRAP/net.minecraftforge.fmlloader@1.21.3-53.0.7/net.minecraftforge.fml.loading.targets.CommonLaunchHandler.lambda$makeService$0(CommonLaunchHandler.java:69) ~[fmlloader-1.21.3-53.0.7.jar!/:?]
	at SECURE-BOOTSTRAP/cpw.mods.modlauncher@10.2.2/cpw.mods.modlauncher.LaunchServiceHandler.launch(LaunchServiceHandler.java:77) [modlauncher-10.2.2.jar!/:?]
	at SECURE-BOOTSTRAP/cpw.mods.modlauncher@10.2.2/cpw.mods.modlauncher.LaunchServiceHandler.launch(LaunchServiceHandler.java:97) [modlauncher-10.2.2.jar!/:?]
	at SECURE-BOOTSTRAP/cpw.mods.modlauncher@10.2.2/cpw.mods.modlauncher.Launcher.run(Launcher.java:116) [modlauncher-10.2.2.jar!/:?]
	at SECURE-BOOTSTRAP/cpw.mods.modlauncher@10.2.2/cpw.mods.modlauncher.Launcher.main(Launcher.java:75) [modlauncher-10.2.2.jar!/:?]
	at SECURE-BOOTSTRAP/cpw.mods.modlauncher@10.2.2/cpw.mods.modlauncher.BootstrapEntry.main(BootstrapEntry.java:17) [modlauncher-10.2.2.jar!/:?]
	at net.minecraftforge.bootstrap@2.1.3/net.minecraftforge.bootstrap.Bootstrap.moduleMain(Bootstrap.java:188) [bootstrap-2.1.3.jar!/:?]
	at java.base/jdk.internal.reflect.DirectMethodHandleAccessor.invoke(DirectMethodHandleAccessor.java:103) ~[?:?]
	at java.base/java.lang.reflect.Method.invoke(Method.java:580) ~[?:?]
	at net.minecraftforge.bootstrap.Bootstrap.bootstrapMain(Bootstrap.java:133) [bootstrap-2.1.3.jar:2.1.3]
	at net.minecraftforge.bootstrap.Bootstrap.start(Bootstrap.java:53) [bootstrap-2.1.3.jar:2.1.3]
	at net.minecraftforge.bootstrap.ForgeBootstrap.main(ForgeBootstrap.java:19) [bootstrap-2.1.3.jar:2.1.3]
